<?xml version="1.0" encoding="UTF-8"?>
<!-- Generated by org.testng.reporters.JUnitReportReporter -->
<testsuite hostname="NIKHIL-PANDE" failures="3" tests="15" name="runner.Runnerclass" time="134.093" errors="0" timestamp="2023-02-02T20:24:44 IST" skipped="0">
  <testcase classname="runner.Runnerclass" name="runScenario" time="6.750"/>
  <system-out/>
  <testcase classname="runner.Runnerclass" name="runScenario" time="9.477"/>
  <system-out/>
  <testcase classname="runner.Runnerclass" name="runScenario" time="7.534"/>
  <system-out/>
  <testcase classname="runner.Runnerclass" name="runScenario" time="9.722"/>
  <system-out/>
  <testcase classname="runner.Runnerclass" name="runScenario" time="6.561">
    <failure message="Newsletter checkbox should Selected by default expected [true] but found [false]" type="java.lang.AssertionError">
      <![CDATA[java.lang.AssertionError: Newsletter checkbox should Selected by default expected [true] but found [false]
at org.testng.Assert.fail(Assert.java:99)
at org.testng.Assert.failNotEquals(Assert.java:1037)
at org.testng.Assert.assertTrue(Assert.java:45)
at step_defination.RegisterSD.user_should_get_by_defaulted_selected_newsletter_checkbox(RegisterSD.java:196)
at ✽.user should get by defaulted selected Newsletter checkbox(file:///C:/Users/it360/newWP/My_Project/src/test/resources/Features/Register.feature:131)
]]>
    </failure>
  </testcase> <!-- runScenario -->
  <system-out/>
  <testcase classname="runner.Runnerclass" name="runScenario" time="9.055"/>
  <system-out/>
  <testcase classname="runner.Runnerclass" name="runScenario" time="10.864"/>
  <system-out/>
  <testcase classname="runner.Runnerclass" name="runScenario" time="8.820"/>
  <system-out/>
  <testcase classname="runner.Runnerclass" name="runScenario" time="9.297"/>
  <system-out/>
  <testcase classname="runner.Runnerclass" name="runScenario" time="14.489"/>
  <system-out/>
  <testcase classname="runner.Runnerclass" name="runScenario" time="7.752"/>
  <system-out/>
  <testcase classname="runner.Runnerclass" name="runScenario" time="7.579"/>
  <system-out/>
  <testcase classname="runner.Runnerclass" name="runScenario" time="7.268"/>
  <system-out/>
  <testcase classname="runner.Runnerclass" name="runScenario" time="9.584">
    <failure message="expected [Register Account] but found [Your Account Has Been Created!]" type="java.lang.AssertionError">
      <![CDATA[java.lang.AssertionError: expected [Register Account] but found [Your Account Has Been Created!]
at org.testng.Assert.fail(Assert.java:99)
at org.testng.Assert.failNotEquals(Assert.java:1037)
at org.testng.Assert.assertEqualsImpl(Assert.java:140)
at org.testng.Assert.assertEquals(Assert.java:122)
at org.testng.Assert.assertEquals(Assert.java:629)
at org.testng.Assert.assertEquals(Assert.java:639)
at step_defination.RegisterSD.user_account_should_not_be_created(RegisterSD.java:178)
at ✽.User account should not be created(file:///C:/Users/it360/newWP/My_Project/src/test/resources/Features/Register.feature:79)
]]>
    </failure>
  </testcase> <!-- runScenario -->
  <system-out/>
  <testcase classname="runner.Runnerclass" name="runScenario" time="9.341">
    <failure message="expected [Register Account] but found [Your Account Has Been Created!]" type="java.lang.AssertionError">
      <![CDATA[java.lang.AssertionError: expected [Register Account] but found [Your Account Has Been Created!]
at org.testng.Assert.fail(Assert.java:99)
at org.testng.Assert.failNotEquals(Assert.java:1037)
at org.testng.Assert.assertEqualsImpl(Assert.java:140)
at org.testng.Assert.assertEquals(Assert.java:122)
at org.testng.Assert.assertEquals(Assert.java:629)
at org.testng.Assert.assertEquals(Assert.java:639)
at step_defination.RegisterSD.user_should_not_get_account_success_page_instead_of_should_get_warning_message_about_password_complexcity_standards(RegisterSD.java:149)
at ✽.user should not get Account success page, instead of should get warning message about Password complexcity standards(file:///C:/Users/it360/newWP/My_Project/src/test/resources/Features/Register.feature:108)
]]>
    </failure>
  </testcase> <!-- runScenario -->
  <system-out/>
</testsuite> <!-- runner.Runnerclass -->
